<?xml version="1.0" encoding="UTF-8"?>
<testng-results ignored="0" total="1" passed="1" failed="0" skipped="0">
  <reporter-output>
  </reporter-output>
  <suite started-at="2022-05-12T12:48:25 IST" name="Default suite" finished-at="2022-05-12T12:48:33 IST" duration-ms="8469">
    <groups>
    </groups>
    <test started-at="2022-05-12T12:48:25 IST" name="Default test" finished-at="2022-05-12T12:48:33 IST" duration-ms="8469">
      <class name="com.sauce_demo_Page_TestCases.Login_Test">
        <test-method is-config="true" signature="applicationSetup()[pri:0, instance:com.sauce_demo_Page_TestCases.Login_Test@4a883b15]" started-at="2022-05-12T12:48:25 IST" name="applicationSetup" finished-at="2022-05-12T12:48:29 IST" duration-ms="4749" status="PASS">
          <reporter-output>
          </reporter-output>
        </test-method> <!-- applicationSetup -->
        <test-method signature="logintest()[pri:0, instance:com.sauce_demo_Page_TestCases.Login_Test@4a883b15]" started-at="2022-05-12T12:48:29 IST" name="logintest" finished-at="2022-05-12T12:48:30 IST" duration-ms="1001" status="PASS">
          <reporter-output>
          </reporter-output>
        </test-method> <!-- logintest -->
        <test-method is-config="true" signature="applicationClose()[pri:0, instance:com.sauce_demo_Page_TestCases.Login_Test@4a883b15]" started-at="2022-05-12T12:48:30 IST" name="applicationClose" finished-at="2022-05-12T12:48:33 IST" duration-ms="2660" status="PASS">
          <reporter-output>
          </reporter-output>
        </test-method> <!-- applicationClose -->
      </class> <!-- com.sauce_demo_Page_TestCases.Login_Test -->
    </test> <!-- Default test -->
  </suite> <!-- Default suite -->
</testng-results>
